\BOOKMARK [1][-]{section.1}{Introduction}{}% 1
\BOOKMARK [1][-]{section.2}{Overview and Related Work}{}% 2
\BOOKMARK [2][-]{subsection.2.1}{Overview of Seismic Sensing Theory}{section.2}% 3
\BOOKMARK [3][-]{subsubsection.2.1.1}{Geophones}{subsection.2.1}% 4
\BOOKMARK [3][-]{subsubsection.2.1.2}{Cabled Systems}{subsection.2.1}% 5
\BOOKMARK [3][-]{subsubsection.2.1.3}{Autonomous Nodal Systems}{subsection.2.1}% 6
\BOOKMARK [2][-]{subsection.2.2}{Related Work}{section.2}% 7
\BOOKMARK [1][-]{section.3}{SeismicDarts}{}% 8
\BOOKMARK [2][-]{subsection.3.1}{Experiments}{section.3}% 9
\BOOKMARK [3][-]{subsubsection.3.1.1}{ Drop tests in different soils}{subsection.3.1}% 10
\BOOKMARK [3][-]{subsubsection.3.1.2}{Shot gather comparison}{subsection.3.1}% 11
\BOOKMARK [2][-]{subsection.3.2}{Deploying and Retrieving SeismicDart}{section.3}% 12
\BOOKMARK [1][-]{section.4}{SeismicSpider}{}% 13
\BOOKMARK [2][-]{subsection.4.1}{Shot gather comparison}{section.4}% 14
\BOOKMARK [2][-]{subsection.4.2}{Deploying and Retrieving Hexapod}{section.4}% 15
\BOOKMARK [1][-]{section.5}{UAV and deployment unit}{}% 16
\BOOKMARK [2][-]{subsection.5.1}{Autonomous drop demonstration and accuracy}{section.5}% 17
\BOOKMARK [2][-]{subsection.5.2}{Height vs. penetration depth}{section.5}% 18
\BOOKMARK [1][-]{section.6}{Comparision}{}% 19
\BOOKMARK [2][-]{subsection.6.1}{Ballistic Deployment}{section.6}% 20
\BOOKMARK [2][-]{subsection.6.2}{Simulation Studies}{section.6}% 21
\BOOKMARK [1][-]{section.7}{Conclusion and Future Work}{}% 22
\BOOKMARK [1][-]{section.7}{References}{}% 23
