<<<<<<< HEAD
This is pdfTeX, Version 3.1415926-2.5-1.40.14 (MiKTeX 2.9) (preloaded format=pdflatex 2015.4.13)  16 APR 2015 12:05
=======
This is pdfTeX, Version 3.1415926-2.4-1.40.13 (TeX Live 2012) (format=pdflatex 2012.6.30)  15 APR 2015 08:53
>>>>>>> origin/master
entering extended mode
 restricted \write18 enabled.
 file:line:error style messages enabled.
 %&-line parsing enabled.
**gradientDescentWirelessNetworks.tex
(./gradientDescentWirelessNetworks.tex
LaTeX2e <2011/06/27>
Babel <v3.8m> and hyphenation patterns for english, dumylang, nohyphenation, ge
rman-x-2012-05-30, ngerman-x-2012-05-30, afrikaans, ancientgreek, ibycus, arabi
c, armenian, basque, bulgarian, catalan, pinyin, coptic, croatian, czech, danis
h, dutch, ukenglish, usenglishmax, esperanto, estonian, ethiopic, farsi, finnis
h, french, friulan, galician, german, ngerman, swissgerman, monogreek, greek, h
ungarian, icelandic, assamese, bengali, gujarati, hindi, kannada, malayalam, ma
rathi, oriya, panjabi, tamil, telugu, indonesian, interlingua, irish, italian, 
kurmanji, latin, latvian, lithuanian, mongolian, mongolianlmc, bokmal, nynorsk,
 polish, portuguese, romanian, romansh, russian, sanskrit, serbian, serbianc, s
lovak, slovenian, spanish, swedish, turkish, turkmen, ukrainian, uppersorbian, 
welsh, loaded.
(./IEEEtran.cls
Document Class: IEEEtran 2012/11/21 V1.8c by Harald Hanche-Olsen and Anders Chr
istensen
-- Based on V1.7a by Michael Shell
-- See the "IEEEtran_HOWTO" manual for usage information.
-- http://www.michaelshell.org/tex/ieeetran/
\@IEEEtrantmpdimenA=\dimen102
\@IEEEtrantmpdimenB=\dimen103
\@IEEEtrantmpcountA=\count79
\@IEEEtrantmpcountB=\count80
\@IEEEtrantmptoksA=\toks14
LaTeX Font Info:    Try loading font information for OT1+ptm on input line 373.

(/usr/local/texlive/2012/texmf-dist/tex/latex/psnfss/ot1ptm.fd
File: ot1ptm.fd 2001/06/04 font definitions for OT1/ptm.
)
-- Using 8.5in x 11in (letter) paper.
-- Using PDF output.
\@IEEEnormalsizeunitybaselineskip=\dimen104
-- This is a 10 point document.
\CLASSINFOnormalsizebaselineskip=\dimen105
\CLASSINFOnormalsizeunitybaselineskip=\dimen106
\IEEEnormaljot=\dimen107
LaTeX Font Info:    Font shape `OT1/ptm/bx/n' in size <5> not available
(Font)              Font shape `OT1/ptm/b/n' tried instead on input line 731.
LaTeX Font Info:    Font shape `OT1/ptm/bx/it' in size <5> not available
(Font)              Font shape `OT1/ptm/b/it' tried instead on input line 731.
LaTeX Font Info:    Font shape `OT1/ptm/bx/n' in size <7> not available
(Font)              Font shape `OT1/ptm/b/n' tried instead on input line 731.
LaTeX Font Info:    Font shape `OT1/ptm/bx/it' in size <7> not available
(Font)              Font shape `OT1/ptm/b/it' tried instead on input line 731.
LaTeX Font Info:    Font shape `OT1/ptm/bx/n' in size <8> not available
(Font)              Font shape `OT1/ptm/b/n' tried instead on input line 731.
LaTeX Font Info:    Font shape `OT1/ptm/bx/it' in size <8> not available
(Font)              Font shape `OT1/ptm/b/it' tried instead on input line 731.
LaTeX Font Info:    Font shape `OT1/ptm/bx/n' in size <9> not available
(Font)              Font shape `OT1/ptm/b/n' tried instead on input line 731.
LaTeX Font Info:    Font shape `OT1/ptm/bx/it' in size <9> not available
(Font)              Font shape `OT1/ptm/b/it' tried instead on input line 731.
LaTeX Font Info:    Font shape `OT1/ptm/bx/n' in size <10> not available
(Font)              Font shape `OT1/ptm/b/n' tried instead on input line 731.
LaTeX Font Info:    Font shape `OT1/ptm/bx/it' in size <10> not available
(Font)              Font shape `OT1/ptm/b/it' tried instead on input line 731.
LaTeX Font Info:    Font shape `OT1/ptm/bx/n' in size <11> not available
(Font)              Font shape `OT1/ptm/b/n' tried instead on input line 731.
LaTeX Font Info:    Font shape `OT1/ptm/bx/it' in size <11> not available
(Font)              Font shape `OT1/ptm/b/it' tried instead on input line 731.
LaTeX Font Info:    Font shape `OT1/ptm/bx/n' in size <12> not available
(Font)              Font shape `OT1/ptm/b/n' tried instead on input line 731.
LaTeX Font Info:    Font shape `OT1/ptm/bx/it' in size <12> not available
(Font)              Font shape `OT1/ptm/b/it' tried instead on input line 731.
LaTeX Font Info:    Font shape `OT1/ptm/bx/n' in size <17> not available
(Font)              Font shape `OT1/ptm/b/n' tried instead on input line 731.
LaTeX Font Info:    Font shape `OT1/ptm/bx/it' in size <17> not available
(Font)              Font shape `OT1/ptm/b/it' tried instead on input line 731.
LaTeX Font Info:    Font shape `OT1/ptm/bx/n' in size <20> not available
(Font)              Font shape `OT1/ptm/b/n' tried instead on input line 731.
LaTeX Font Info:    Font shape `OT1/ptm/bx/it' in size <20> not available
(Font)              Font shape `OT1/ptm/b/it' tried instead on input line 731.
LaTeX Font Info:    Font shape `OT1/ptm/bx/n' in size <24> not available
(Font)              Font shape `OT1/ptm/b/n' tried instead on input line 731.
LaTeX Font Info:    Font shape `OT1/ptm/bx/it' in size <24> not available
(Font)              Font shape `OT1/ptm/b/it' tried instead on input line 731.
\IEEEilabelindentA=\dimen108
\IEEEilabelindentB=\dimen109
\IEEEilabelindent=\dimen110
\IEEEelabelindent=\dimen111
\IEEEdlabelindent=\dimen112
\IEEElabelindent=\dimen113
\IEEEiednormlabelsep=\dimen114
\IEEEiedmathlabelsep=\dimen115
\IEEEiedtopsep=\skip41
\c@section=\count81
\c@subsection=\count82
\c@subsubsection=\count83
\c@paragraph=\count84
\c@IEEEsubequation=\count85
\abovecaptionskip=\skip42
\belowcaptionskip=\skip43
\c@figure=\count86
\c@table=\count87
\@IEEEeqnnumcols=\count88
\@IEEEeqncolcnt=\count89
\@IEEEtmpitemindent=\dimen116
\c@IEEEbiography=\count90
\@IEEEtranrubishbin=\box26
) (/usr/local/texlive/2012/texmf-dist/tex/latex/graphics/epsfig.sty
Package: epsfig 1999/02/16 v1.7a (e)psfig emulation (SPQR)

(/usr/local/texlive/2012/texmf-dist/tex/latex/graphics/graphicx.sty
Package: graphicx 1999/02/16 v1.0f Enhanced LaTeX Graphics (DPC,SPQR)

(/usr/local/texlive/2012/texmf-dist/tex/latex/graphics/keyval.sty
Package: keyval 1999/03/16 v1.13 key=value parser (DPC)
\KV@toks@=\toks15
)
(/usr/local/texlive/2012/texmf-dist/tex/latex/graphics/graphics.sty
Package: graphics 2009/02/05 v1.0o Standard LaTeX Graphics (DPC,SPQR)

(/usr/local/texlive/2012/texmf-dist/tex/latex/graphics/trig.sty
Package: trig 1999/03/16 v1.09 sin cos tan (DPC)
)
(/usr/local/texlive/2012/texmf-dist/tex/latex/latexconfig/graphics.cfg
File: graphics.cfg 2010/04/23 v1.9 graphics configuration of TeX Live
)
Package graphics Info: Driver file: pdftex.def on input line 91.

(/usr/local/texlive/2012/texmf-dist/tex/latex/pdftex-def/pdftex.def
File: pdftex.def 2011/05/27 v0.06d Graphics/color for pdfTeX

(/usr/local/texlive/2012/texmf-dist/tex/generic/oberdiek/infwarerr.sty
Package: infwarerr 2010/04/08 v1.3 Providing info/warning/error messages (HO)
)
(/usr/local/texlive/2012/texmf-dist/tex/generic/oberdiek/ltxcmds.sty
Package: ltxcmds 2011/11/09 v1.22 LaTeX kernel commands for general use (HO)
)
\Gread@gobject=\count91
))
\Gin@req@height=\dimen117
\Gin@req@width=\dimen118
)
\epsfxsize=\dimen119
\epsfysize=\dimen120
)
(/usr/local/texlive/2012/texmf-dist/tex/latex/cite/cite.sty
LaTeX Info: Redefining \cite on input line 302.
LaTeX Info: Redefining \nocite on input line 373.
Package: cite 2010/09/10  v 5.3
)
(/usr/local/texlive/2012/texmf-dist/tex/latex/psfrag/psfrag.sty
Package: psfrag 1998/04/11 v3.04 PSfrag (MCG)
\pfg@pcount=\count92
\pfg@scount=\count93
\pfg@temp=\write3
)
(/usr/local/texlive/2012/texmf-dist/tex/latex/titlesec/titlesec.sty
Package: titlesec 2011/12/15 v2.10.0 Sectioning titles
\ttl@box=\box27
\beforetitleunit=\skip44
\aftertitleunit=\skip45
\ttl@plus=\dimen121
\ttl@minus=\dimen122
\ttl@toksa=\toks16
\titlewidth=\dimen123
\titlewidthlast=\dimen124
\titlewidthfirst=\dimen125


Package titlesec Warning: Non standard sectioning command detected
(titlesec)                Using default spacing and no format.

) (/usr/local/texlive/2012/texmf-dist/tex/latex/wrapfig/wrapfig.sty
\wrapoverhang=\dimen126
\WF@size=\dimen127
\c@WF@wrappedlines=\count94
\WF@box=\box28
\WF@everypar=\toks17
Package: wrapfig 2003/01/31  v 3.6
)
(/usr/local/texlive/2012/texmf-dist/tex/latex/jknapltx/mathrsfs.sty
Package: mathrsfs 1996/01/01 Math RSFS package v1.0 (jk)
\symrsfs=\mathgroup4
)
(/usr/local/texlive/2012/texmf-dist/tex/latex/tools/bm.sty
Package: bm 2004/02/26 v1.1c Bold Symbol Support (DPC/FMi)
\symboldoperators=\mathgroup5
\symboldletters=\mathgroup6
\symboldsymbols=\mathgroup7
LaTeX Font Info:    Redeclaring math alphabet \mathbf on input line 138.
LaTeX Info: Redefining \bm on input line 204.
)
(/usr/local/texlive/2012/texmf-dist/tex/latex/url/url.sty
\Urlmuskip=\muskip10
Package: url 2006/04/12  ver 3.3  Verb mode for urls, etc.
)
(/usr/local/texlive/2012/texmf-dist/tex/latex/subfigure/subfigure.sty
Package: subfigure 2002/03/15 v2.1.5 subfigure package
\subfigtopskip=\skip46
\subfigcapskip=\skip47
\subfigcaptopadj=\dimen128
\subfigbottomskip=\skip48
\subfigcapmargin=\dimen129
\subfiglabelskip=\skip49
\c@subfigure=\count95
\c@lofdepth=\count96
\c@subtable=\count97
\c@lotdepth=\count98

****************************************
* Local config file subfigure.cfg used *
****************************************
(/usr/local/texlive/2012/texmf-dist/tex/latex/subfigure/subfigure.cfg)
\subfig@top=\skip50
\subfig@bottom=\skip51
)
(/usr/local/texlive/2012/texmf-dist/tex/latex/tools/verbatim.sty
Package: verbatim 2003/08/22 v1.5q LaTeX2e package for verbatim enhancements
\every@verbatim=\toks18
\verbatim@line=\toks19
\verbatim@in@stream=\read1
)
(/usr/local/texlive/2012/texmf-dist/tex/latex/amsfonts/amsfonts.sty
Package: amsfonts 2009/06/22 v3.00 Basic AMSFonts support
\@emptytoks=\toks20
\symAMSa=\mathgroup8
\symAMSb=\mathgroup9
LaTeX Font Info:    Overwriting math alphabet `\mathfrak' in version `bold'
(Font)                  U/euf/m/n --> U/euf/b/n on input line 96.
)
(/usr/local/texlive/2012/texmf-dist/tex/latex/amsmath/amsmath.sty
Package: amsmath 2000/07/18 v2.13 AMS math features
\@mathmargin=\skip52

For additional information on amsmath, use the `?' option.
(/usr/local/texlive/2012/texmf-dist/tex/latex/amsmath/amstext.sty
Package: amstext 2000/06/29 v2.01

(/usr/local/texlive/2012/texmf-dist/tex/latex/amsmath/amsgen.sty
File: amsgen.sty 1999/11/30 v2.0
\@emptytoks=\toks21
\ex@=\dimen130
))
(/usr/local/texlive/2012/texmf-dist/tex/latex/amsmath/amsbsy.sty
Package: amsbsy 1999/11/29 v1.2d
LaTeX Info: Redefining \boldsymbol on input line 54.
\pmbraise@=\dimen131
)
(/usr/local/texlive/2012/texmf-dist/tex/latex/amsmath/amsopn.sty
Package: amsopn 1999/12/14 v2.01 operator names
)
\inf@bad=\count99
LaTeX Info: Redefining \frac on input line 211.
\uproot@=\count100
\leftroot@=\count101
LaTeX Info: Redefining \overline on input line 307.
\classnum@=\count102
\DOTSCASE@=\count103
LaTeX Info: Redefining \ldots on input line 379.
LaTeX Info: Redefining \dots on input line 382.
LaTeX Info: Redefining \cdots on input line 467.
\Mathstrutbox@=\box29
\strutbox@=\box30
\big@size=\dimen132
LaTeX Font Info:    Redeclaring font encoding OML on input line 567.
LaTeX Font Info:    Redeclaring font encoding OMS on input line 568.
\macc@depth=\count104
\c@MaxMatrixCols=\count105
\dotsspace@=\muskip11
\c@parentequation=\count106
\dspbrk@lvl=\count107
\tag@help=\toks22
\row@=\count108
\column@=\count109
\maxfields@=\count110
\andhelp@=\toks23
\eqnshift@=\dimen133
\alignsep@=\dimen134
\tagshift@=\dimen135
\tagwidth@=\dimen136
\totwidth@=\dimen137
\lineht@=\dimen138
\@envbody=\toks24
\multlinegap=\skip53
\multlinetaggap=\skip54
\mathdisplay@stack=\toks25
LaTeX Info: Redefining \[ on input line 2666.
LaTeX Info: Redefining \] on input line 2667.
)
(/usr/local/texlive/2012/texmf-dist/tex/latex/amsfonts/amssymb.sty
Package: amssymb 2009/06/22 v3.00
)
(/usr/local/texlive/2012/texmf-dist/tex/latex/fancyhdr/fancyhdr.sty
\fancy@headwidth=\skip55
\f@ncyO@elh=\skip56
\f@ncyO@erh=\skip57
\f@ncyO@olh=\skip58
\f@ncyO@orh=\skip59
\f@ncyO@elf=\skip60
\f@ncyO@erf=\skip61
\f@ncyO@olf=\skip62
\f@ncyO@orf=\skip63
)
(./mathbbold.sty
\symbbold=\mathgroup10
)
(/usr/local/texlive/2012/texmf-dist/tex/latex/bbm-macros/bbm.sty
Package: bbm 1999/03/15 V 1.2 provides fonts for set symbols - TH
LaTeX Font Info:    Overwriting math alphabet `\mathbbm' in version `bold'
(Font)                  U/bbm/m/n --> U/bbm/bx/n on input line 33.
LaTeX Font Info:    Overwriting math alphabet `\mathbbmss' in version `bold'
(Font)                  U/bbmss/m/n --> U/bbmss/bx/n on input line 35.
)
(/usr/local/texlive/2012/texmf-dist/tex/latex/makecell/makecell.sty
Package: makecell 2009/08/03 V0.1e Managing of Tab Column Heads and Cells

(/usr/local/texlive/2012/texmf-dist/tex/latex/tools/array.sty
Package: array 2008/09/09 v2.4c Tabular extension package (FMi)
\col@sep=\dimen139
\extrarowheight=\dimen140
\NC@list=\toks26
\extratabsurround=\skip64
\backup@length=\skip65
)
\rotheadsize=\dimen141
\c@nlinenum=\count111
\TeXr@lab=\toks27
)
(/usr/local/texlive/2012/texmf-dist/tex/latex/tools/indentfirst.sty
Package: indentfirst 1995/11/23 v1.03 Indent first paragraph (DPC)
)
<<<<<<< HEAD
("C:\Program Files (x86)\MiKTeX 2.9\tex\latex\overpic\overpic.sty"
Package: overpic 2010/09/13 v0.53  Overwriting graphics

Package: overpic v0.53 <2010/09/13> (RN)
("C:\Program Files (x86)\MiKTeX 2.9\tex\latex\eepic\epic.sty"
Enhancements to Picture Environment. Version 1.2 - Released June 1, 1986
\@@multicnt=\count112
\d@lta=\count113
\@delta=\dimen142
\@@delta=\dimen143
\@gridcnt=\count114
\@joinkind=\count115
\@dotgap=\dimen144
\@ddotgap=\dimen145
\@x@diff=\count116
\@y@diff=\count117
\x@diff=\dimen146
\y@diff=\dimen147
\@dotbox=\box31
\num@segments=\count118
\num@segmentsi=\count119
\@datafile=\read2
)
overpic: relative positioning in percent
) ("C:\Program Files (x86)\MiKTeX 2.9\tex\latex\algorithms\algorithm.sty"
=======
(/usr/local/texlive/2012/texmf-dist/tex/latex/algorithms/algorithm.sty
>>>>>>> origin/master
Package: algorithm 2009/08/24 v0.1 Document Style `algorithm' - floating enviro
nment

(/usr/local/texlive/2012/texmf-dist/tex/latex/float/float.sty
Package: float 2001/11/08 v1.3d Float enhancements (AL)
\c@float@type=\count120
\float@exts=\toks28
\float@box=\box32
\@float@everytoks=\toks29
\@floatcapt=\box33
)
(/usr/local/texlive/2012/texmf-dist/tex/latex/base/ifthen.sty
Package: ifthen 2001/05/26 v1.1c Standard LaTeX ifthen package (DPC)
)
\@float@every@algorithm=\toks30
\c@algorithm=\count121
)
(/usr/local/texlive/2012/texmf-dist/tex/latex/algorithmicx/algpseudocode.sty
Package: algpseudocode 

(/usr/local/texlive/2012/texmf-dist/tex/latex/algorithmicx/algorithmicx.sty
Package: algorithmicx 2005/04/27 v1.2 Algorithmicx

Document Style algorithmicx 1.2 - a greatly improved `algorithmic' style
\c@ALG@line=\count122
\c@ALG@rem=\count123
\c@ALG@nested=\count124
\ALG@tlm=\skip66
\ALG@thistlm=\skip67
\c@ALG@Lnr=\count125
\c@ALG@blocknr=\count126
\c@ALG@storecount=\count127
\c@ALG@tmpcounter=\count128
\ALG@tmplength=\skip68
)
Document Style - pseudocode environments for use with the `algorithmicx' style
) (/usr/local/texlive/2012/texmf-dist/tex/latex/mh/mathtools.sty
Package: mathtools 2012/04/24 v1.12 mathematical typesetting tools

(/usr/local/texlive/2012/texmf-dist/tex/latex/tools/calc.sty
Package: calc 2007/08/22 v4.3 Infix arithmetic (KKT,FJ)
\calc@Acount=\count129
\calc@Bcount=\count130
\calc@Adimen=\dimen148
\calc@Bdimen=\dimen149
\calc@Askip=\skip69
\calc@Bskip=\skip70
LaTeX Info: Redefining \setlength on input line 76.
LaTeX Info: Redefining \addtolength on input line 77.
\calc@Ccount=\count131
\calc@Cskip=\skip71
)
(/usr/local/texlive/2012/texmf-dist/tex/latex/mh/mhsetup.sty
Package: mhsetup 2010/01/21 v1.2a programming setup (MH)
)
<<<<<<< HEAD
LaTeX Info: Thecontrolsequence`\['isalreadyrobust on input line 129.
LaTeX Info: Thecontrolsequence`\]'isalreadyrobust on input line 129.
\g_MT_multlinerow_int=\count132
\l_MT_multwidth_dim=\dimen150
\origjot=\skip72
\l_MT_shortvdotswithinadjustabove_dim=\dimen151
\l_MT_shortvdotswithinadjustbelow_dim=\dimen152
\l_MT_above_intertext_sep=\dimen153
\l_MT_below_intertext_sep=\dimen154
\l_MT_above_shortintertext_sep=\dimen155
\l_MT_below_shortintertext_sep=\dimen156
=======
\g_MT_multlinerow_int=\count124
\l_MT_multwidth_dim=\dimen144
\origjot=\skip72
\l_MT_shortvdotswithinadjustabove_dim=\dimen145
\l_MT_shortvdotswithinadjustbelow_dim=\dimen146
\l_MT_above_intertext_dim=\dimen147
\l_MT_below_intertext_dim=\dimen148
\l_MT_above_shortintertext_dim=\dimen149
\l_MT_below_shortintertext_dim=\dimen150
>>>>>>> origin/master
)
(/usr/local/texlive/2012/texmf-dist/tex/latex/caption/caption.sty
Package: caption 2012/02/19 v3.2f Customizing captions (AR)

<<<<<<< HEAD
("C:\Program Files (x86)\MiKTeX 2.9\tex\latex\caption\caption3.sty"
Package: caption3 2013/05/02 v1.6-88 caption3 kernel (AR)
Package caption3 Info: TeX engine: e-TeX on input line 57.
\captionmargin=\dimen157
\captionmargin@=\dimen158
\captionwidth=\dimen159
\caption@tempdima=\dimen160
\caption@indent=\dimen161
\caption@parindent=\dimen162
\caption@hangindent=\dimen163
=======
(/usr/local/texlive/2012/texmf-dist/tex/latex/caption/caption3.sty
Package: caption3 2012/01/12 v1.4b caption3 kernel (AR)
\captionmargin=\dimen151
\captionmargin@=\dimen152
\captionwidth=\dimen153
\caption@indent=\dimen154
\caption@parindent=\dimen155
\caption@hangindent=\dimen156
>>>>>>> origin/master
Package caption Info: Unknown document class (or package),
(caption)             standard defaults will be used.
)

Package caption Warning: Unsupported document class (or package) detected,
(caption)                usage of the caption package is not recommended.
See the caption package documentation for explanation.

Package caption Info: \@makecaption = \long macro:#1#2->\ifx \@captype \@IEEEta
blestring \footnotesize {\centering \normalfont \footnotesize #1.\qquad \scshap
e #2\par }\@IEEEtablecaptionsepspace \else \@IEEEfigurecaptionsepspace \setbox 
\@tempboxa \hbox {\normalfont \footnotesize {#1.}~~ #2}\ifdim \wd \@tempboxa >\
hsize \setbox \@tempboxa \hbox {\normalfont \footnotesize {#1.}~~ }\parbox [t]{
\hsize }{\normalfont \footnotesize \noindent \unhbox \@tempboxa #2}\else \ifCLA
SSOPTIONconference \hbox to\hsize {\normalfont \footnotesize \box \@tempboxa \h
fil }\else \hbox to\hsize {\normalfont \footnotesize \box \@tempboxa \hfil }\fi
 \fi \fi .
\c@ContinuedFloat=\count133
Package caption Info: float package is loaded.
Package caption Info: subfigure package is loaded.
Package caption Info: wrapfig package is loaded.
<<<<<<< HEAD
) ("C:\Program Files (x86)\MiKTeX 2.9\tex\latex\tabulary\tabulary.sty"
Package: tabulary 2014/06/11 v0.10 tabulary package (DPC)
\TY@count=\count134
\TY@linewidth=\dimen164
\tymin=\dimen165
\tymax=\dimen166
\TY@tablewidth=\dimen167
=======
) (/usr/local/texlive/2012/texmf-dist/tex/latex/tabulary/tabulary.sty
Package: tabulary 2008/12/01 v0.9 tabulary package (DPC)
\TY@count=\count126
\TY@linewidth=\dimen157
\tymin=\dimen158
\tymax=\dimen159
\TY@tablewidth=\dimen160
>>>>>>> origin/master
)
(/usr/local/texlive/2012/texmf-dist/tex/latex/booktabs/booktabs.sty
Package: booktabs 2005/04/14 v1.61803 publication quality tables
<<<<<<< HEAD
\heavyrulewidth=\dimen168
\lightrulewidth=\dimen169
\cmidrulewidth=\dimen170
\belowrulesep=\dimen171
\belowbottomsep=\dimen172
\aboverulesep=\dimen173
\abovetopsep=\dimen174
\cmidrulesep=\dimen175
\cmidrulekern=\dimen176
\defaultaddspace=\dimen177
\@cmidla=\count135
\@cmidlb=\count136
\@aboverulesep=\dimen178
\@belowrulesep=\dimen179
\@thisruleclass=\count137
\@lastruleclass=\count138
\@thisrulewidth=\dimen180
=======
\heavyrulewidth=\dimen161
\lightrulewidth=\dimen162
\cmidrulewidth=\dimen163
\belowrulesep=\dimen164
\belowbottomsep=\dimen165
\aboverulesep=\dimen166
\abovetopsep=\dimen167
\cmidrulesep=\dimen168
\cmidrulekern=\dimen169
\defaultaddspace=\dimen170
\@cmidla=\count127
\@cmidlb=\count128
\@aboverulesep=\dimen171
\@belowrulesep=\dimen172
\@thisruleclass=\count129
\@lastruleclass=\count130
\@thisrulewidth=\dimen173
>>>>>>> origin/master
)
(/usr/local/texlive/2012/texmf-dist/tex/latex/hyperref/hyperref.sty
Package: hyperref 2012/05/13 v6.82q Hypertext links for LaTeX

(/usr/local/texlive/2012/texmf-dist/tex/generic/oberdiek/hobsub-hyperref.sty
Package: hobsub-hyperref 2012/05/28 v1.13 Bundle oberdiek, subset hyperref (HO)


(/usr/local/texlive/2012/texmf-dist/tex/generic/oberdiek/hobsub-generic.sty
Package: hobsub-generic 2012/05/28 v1.13 Bundle oberdiek, subset generic (HO)
Package: hobsub 2012/05/28 v1.13 Construct package bundles (HO)
Package hobsub Info: Skipping package `infwarerr' (already loaded).
Package hobsub Info: Skipping package `ltxcmds' (already loaded).
Package: ifluatex 2010/03/01 v1.3 Provides the ifluatex switch (HO)
Package ifluatex Info: LuaTeX not detected.
Package: ifvtex 2010/03/01 v1.5 Detect VTeX and its facilities (HO)
Package ifvtex Info: VTeX not detected.
Package: intcalc 2007/09/27 v1.1 Expandable calculations with integers (HO)
Package: ifpdf 2011/01/30 v2.3 Provides the ifpdf switch (HO)
Package ifpdf Info: pdfTeX in PDF mode is detected.
Package: etexcmds 2011/02/16 v1.5 Avoid name clashes with e-TeX commands (HO)
Package etexcmds Info: Could not find \expanded.
(etexcmds)             That can mean that you are not using pdfTeX 1.50 or
(etexcmds)             that some package has redefined \expanded.
(etexcmds)             In the latter case, load this package earlier.
Package: kvsetkeys 2012/04/25 v1.16 Key value parser (HO)
Package: kvdefinekeys 2011/04/07 v1.3 Define keys (HO)
Package: pdftexcmds 2011/11/29 v0.20 Utility functions of pdfTeX for LuaTeX (HO
)
Package pdftexcmds Info: LuaTeX not detected.
Package pdftexcmds Info: \pdf@primitive is available.
Package pdftexcmds Info: \pdf@ifprimitive is available.
Package pdftexcmds Info: \pdfdraftmode found.
Package: pdfescape 2011/11/25 v1.13 Implements pdfTeX's escape features (HO)
Package: bigintcalc 2012/04/08 v1.3 Expandable calculations on big integers (HO
)
Package: bitset 2011/01/30 v1.1 Handle bit-vector datatype (HO)
Package: uniquecounter 2011/01/30 v1.2 Provide unlimited unique counter (HO)
)
Package hobsub Info: Skipping package `hobsub' (already loaded).
Package: letltxmacro 2010/09/02 v1.4 Let assignment for LaTeX macros (HO)
Package: hopatch 2012/05/28 v1.2 Wrapper for package hooks (HO)
Package: xcolor-patch 2011/01/30 xcolor patch
Package: atveryend 2011/06/30 v1.8 Hooks at the very end of document (HO)
Package atveryend Info: \enddocument detected (standard20110627).
Package: atbegshi 2011/10/05 v1.16 At begin shipout hook (HO)
Package: refcount 2011/10/16 v3.4 Data extraction from label references (HO)
Package: hycolor 2011/01/30 v1.7 Color options for hyperref/bookmark (HO)
)
(/usr/local/texlive/2012/texmf-dist/tex/generic/ifxetex/ifxetex.sty
Package: ifxetex 2010/09/12 v0.6 Provides ifxetex conditional
)
(/usr/local/texlive/2012/texmf-dist/tex/latex/oberdiek/kvoptions.sty
Package: kvoptions 2011/06/30 v3.11 Key value format for package options (HO)
)
<<<<<<< HEAD
\@linkdim=\dimen181
\Hy@linkcounter=\count139
\Hy@pagecounter=\count140
=======
\@linkdim=\dimen174
\Hy@linkcounter=\count131
\Hy@pagecounter=\count132
>>>>>>> origin/master

(/usr/local/texlive/2012/texmf-dist/tex/latex/hyperref/pd1enc.def
File: pd1enc.def 2012/05/13 v6.82q Hyperref: PDFDocEncoding definition (HO)
)
\Hy@SavedSpaceFactor=\count141

(/usr/local/texlive/2012/texmf-dist/tex/latex/latexconfig/hyperref.cfg
File: hyperref.cfg 2002/06/06 v1.2 hyperref configuration of TeXLive
)
Package hyperref Info: Hyper figures OFF on input line 4062.
Package hyperref Info: Link nesting OFF on input line 4067.
Package hyperref Info: Hyper index ON on input line 4070.
Package hyperref Info: Plain pages OFF on input line 4077.
Package hyperref Info: Backreferencing OFF on input line 4082.
Package hyperref Info: Implicit mode ON; LaTeX internals redefined.
<<<<<<< HEAD
Package hyperref Info: Bookmarks ON on input line 4688.
\c@Hy@tempcnt=\count142
LaTeX Info: Redefining \url on input line 5041.
\XeTeXLinkMargin=\dimen182
\Fld@menulength=\count143
\Field@Width=\dimen183
\Fld@charsize=\dimen184
Package hyperref Info: Hyper figures OFF on input line 6295.
Package hyperref Info: Link nesting OFF on input line 6300.
Package hyperref Info: Hyper index ON on input line 6303.
Package hyperref Info: backreferencing OFF on input line 6310.
Package hyperref Info: Link coloring OFF on input line 6315.
Package hyperref Info: Link coloring with OCG OFF on input line 6320.
Package hyperref Info: PDF/A mode OFF on input line 6325.
LaTeX Info: Redefining \ref on input line 6365.
LaTeX Info: Redefining \pageref on input line 6369.
\Hy@abspage=\count144
\c@Item=\count145
\c@Hfootnote=\count146
=======
Package hyperref Info: Bookmarks ON on input line 4300.
\c@Hy@tempcnt=\count134
LaTeX Info: Redefining \url on input line 4653.
\Fld@menulength=\count135
\Field@Width=\dimen175
\Fld@charsize=\dimen176
Package hyperref Info: Hyper figures OFF on input line 5773.
Package hyperref Info: Link nesting OFF on input line 5778.
Package hyperref Info: Hyper index ON on input line 5781.
Package hyperref Info: backreferencing OFF on input line 5788.
Package hyperref Info: Link coloring OFF on input line 5793.
Package hyperref Info: Link coloring with OCG OFF on input line 5798.
Package hyperref Info: PDF/A mode OFF on input line 5803.
LaTeX Info: Redefining \ref on input line 5843.
LaTeX Info: Redefining \pageref on input line 5847.
\Hy@abspage=\count136
\c@Item=\count137
\c@Hfootnote=\count138
>>>>>>> origin/master
)

Package hyperref Message: Driver (autodetected): hpdftex.

<<<<<<< HEAD
("C:\Program Files (x86)\MiKTeX 2.9\tex\latex\hyperref\hpdftex.def"
File: hpdftex.def 2012/11/06 v6.83m Hyperref driver for pdfTeX
\Fld@listcount=\count147
\c@bookmark@seq@number=\count148
=======
(/usr/local/texlive/2012/texmf-dist/tex/latex/hyperref/hpdftex.def
File: hpdftex.def 2012/05/13 v6.82q Hyperref driver for pdfTeX
\Fld@listcount=\count139
\c@bookmark@seq@number=\count140
>>>>>>> origin/master

(/usr/local/texlive/2012/texmf-dist/tex/latex/oberdiek/rerunfilecheck.sty
Package: rerunfilecheck 2011/04/15 v1.7 Rerun checks for auxiliary files (HO)
Package uniquecounter Info: New unique counter `rerunfilecheck' on input line 2
82.
)
\Hy@SectionHShift=\skip73
)
(/usr/local/texlive/2012/texmf-dist/tex/latex/psnfss/times.sty
Package: times 2005/04/12 PSNFSS-v9.2a (SPQR) 
)
(/usr/local/texlive/2012/texmf-dist/tex/latex/graphics/color.sty
Package: color 2005/11/14 v1.0j Standard LaTeX Color (DPC)

(/usr/local/texlive/2012/texmf-dist/tex/latex/latexconfig/color.cfg
File: color.cfg 2007/01/18 v1.5 color configuration of teTeX/TeXLive
)
Package color Info: Driver file: pdftex.def on input line 130.
)
<<<<<<< HEAD
\c@definition=\count149
\c@lemma=\count150
\c@proof=\count151
\c@theorem=\count152
\c@example=\count153
\c@proposition=\count154
\c@remark=\count155
\c@corrolary=\count156
\c@ex=\count157

("C:\Program Files (x86)\MiKTeX 2.9\tex\latex\xcolor\xcolor.sty"
=======
\c@definition=\count141
\c@lemma=\count142
\c@proof=\count143
\c@theorem=\count144
\c@example=\count145
\c@proposition=\count146
\c@remark=\count147
\c@corrolary=\count148
\c@ex=\count149

(/usr/local/texlive/2012/texmf-dist/tex/latex/overpic/overpic.sty
Package: overpic 2010/09/13 v0.53  Overwriting graphics

Package: overpic v0.53 <2010/09/13> (RN)
(/usr/local/texlive/2012/texmf-dist/tex/latex/eepic/epic.sty
Enhancements to Picture Environment. Version 1.2 - Released June 1, 1986
\@@multicnt=\count150
\d@lta=\count151
\@delta=\dimen177
\@@delta=\dimen178
\@gridcnt=\count152
\@joinkind=\count153
\@dotgap=\dimen179
\@ddotgap=\dimen180
\@x@diff=\count154
\@y@diff=\count155
\x@diff=\dimen181
\y@diff=\dimen182
\@dotbox=\box33
\num@segments=\count156
\num@segmentsi=\count157
\@datafile=\read2
)
overpic: relative positioning in percent
) (/usr/local/texlive/2012/texmf-dist/tex/latex/xcolor/xcolor.sty
>>>>>>> origin/master
Package: xcolor 2007/01/21 v2.11 LaTeX color extensions (UK)

(/usr/local/texlive/2012/texmf-dist/tex/latex/latexconfig/color.cfg
File: color.cfg 2007/01/18 v1.5 color configuration of teTeX/TeXLive
)
Package xcolor Info: Driver file: pdftex.def on input line 225.

(/usr/local/texlive/2012/texmf-dist/tex/latex/colortbl/colortbl.sty
Package: colortbl 2012/02/13 v1.0a Color table columns (DPC)
\everycr=\toks31
\minrowclearance=\skip74
)
LaTeX Info: Redefining \color on input line 702.
\rownum=\count158
Package xcolor Info: Model `cmy' substituted by `cmy0' on input line 1337.
Package xcolor Info: Model `hsb' substituted by `rgb' on input line 1341.
Package xcolor Info: Model `RGB' extended on input line 1353.
Package xcolor Info: Model `HTML' substituted by `rgb' on input line 1355.
Package xcolor Info: Model `Hsb' substituted by `hsb' on input line 1356.
Package xcolor Info: Model `tHsb' substituted by `hsb' on input line 1357.
Package xcolor Info: Model `HSB' substituted by `hsb' on input line 1358.
Package xcolor Info: Model `Gray' substituted by `gray' on input line 1359.
Package xcolor Info: Model `wave' substituted by `hsb' on input line 1360.
)
(/usr/local/texlive/2012/texmf-dist/tex/latex/enumitem/enumitem.sty
Package: enumitem 2011/09/28 v3.5.2 Customized lists
\labelindent=\skip75
\enit@outerparindent=\dimen183
\enit@toks=\toks32
\enit@inbox=\box34
\enitdp@description=\count159
)
<<<<<<< HEAD
(C:\Users\Srikanth\Documents\GitHub\WSNrobot\texasWirelessConf\gradientDescentW
irelessNetworks.aux

LaTeX Warning: Label `subfig:tspCities' multiply defined.


LaTeX Warning: Label `sub@subfig:tspCities' multiply defined.


LaTeX Warning: Label `subfig:tspPaths' multiply defined.


LaTeX Warning: Label `sub@subfig:tspPaths' multiply defined.


LaTeX Warning: Label `fig:mTSPsim' multiply defined.

)
LaTeX Font Info:    Checking defaults for OML/cmm/m/it on input line 68.
LaTeX Font Info:    ... okay on input line 68.
LaTeX Font Info:    Checking defaults for T1/cmr/m/n on input line 68.
LaTeX Font Info:    ... okay on input line 68.
LaTeX Font Info:    Checking defaults for OT1/cmr/m/n on input line 68.
LaTeX Font Info:    ... okay on input line 68.
LaTeX Font Info:    Checking defaults for OMS/cmsy/m/n on input line 68.
LaTeX Font Info:    ... okay on input line 68.
LaTeX Font Info:    Checking defaults for OMX/cmex/m/n on input line 68.
LaTeX Font Info:    ... okay on input line 68.
LaTeX Font Info:    Checking defaults for U/cmr/m/n on input line 68.
LaTeX Font Info:    ... okay on input line 68.
LaTeX Font Info:    Checking defaults for PD1/pdf/m/n on input line 68.
LaTeX Font Info:    ... okay on input line 68.
 ("C:\Program Files (x86)\MiKTeX 2.9\tex\context\base\supp-pdf.mkii"
=======
(./gradientDescentWirelessNetworks.aux)
\openout1 = `gradientDescentWirelessNetworks.aux'.

LaTeX Font Info:    Checking defaults for OML/cmm/m/it on input line 67.
LaTeX Font Info:    ... okay on input line 67.
LaTeX Font Info:    Checking defaults for T1/cmr/m/n on input line 67.
LaTeX Font Info:    ... okay on input line 67.
LaTeX Font Info:    Checking defaults for OT1/cmr/m/n on input line 67.
LaTeX Font Info:    ... okay on input line 67.
LaTeX Font Info:    Checking defaults for OMS/cmsy/m/n on input line 67.
LaTeX Font Info:    ... okay on input line 67.
LaTeX Font Info:    Checking defaults for OMX/cmex/m/n on input line 67.
LaTeX Font Info:    ... okay on input line 67.
LaTeX Font Info:    Checking defaults for U/cmr/m/n on input line 67.
LaTeX Font Info:    ... okay on input line 67.
LaTeX Font Info:    Checking defaults for PD1/pdf/m/n on input line 67.
LaTeX Font Info:    ... okay on input line 67.

(/usr/local/texlive/2012/texmf-dist/tex/context/base/supp-pdf.mkii
>>>>>>> origin/master
[Loading MPS to PDF converter (version 2006.09.02).]
\scratchcounter=\count160
\scratchdimen=\dimen184
\scratchbox=\box35
\nofMPsegments=\count161
\nofMParguments=\count162
\everyMPshowfont=\toks33
\MPscratchCnt=\count163
\MPscratchDim=\dimen185
\MPnumerator=\count164
\makeMPintoPDFobject=\count165
\everyMPtoPDFconversion=\toks34
) (/usr/local/texlive/2012/texmf-dist/tex/latex/oberdiek/epstopdf-base.sty
Package: epstopdf-base 2010/02/09 v2.5 Base part for package epstopdf

(/usr/local/texlive/2012/texmf-dist/tex/latex/oberdiek/grfext.sty
Package: grfext 2010/08/19 v1.1 Manage graphics extensions (HO)
)
Package grfext Info: Graphics extension search list:
(grfext)             [.png,.pdf,.jpg,.mps,.jpeg,.jbig2,.jb2,.PNG,.PDF,.JPG,.JPE
G,.JBIG2,.JB2,.eps]
(grfext)             \AppendGraphicsExtensions on input line 452.

(/usr/local/texlive/2012/texmf-dist/tex/latex/latexconfig/epstopdf-sys.cfg
File: epstopdf-sys.cfg 2010/07/13 v1.3 Configuration of (r)epstopdf for TeX Liv
e
))
Package caption Info: Begin \AtBeginDocument code.
Package caption Info: hyperref package is loaded.
Package caption Info: End \AtBeginDocument code.
\AtBeginShipoutBox=\box36
<<<<<<< HEAD
Package hyperref Info: Link coloring OFF on input line 68.
 ("C:\Program Files (x86)\MiKTeX 2.9\tex\latex\hyperref\nameref.sty"
Package: nameref 2012/10/27 v2.43 Cross-referencing by name of section
=======
Package hyperref Info: Link coloring OFF on input line 67.
>>>>>>> origin/master

(/usr/local/texlive/2012/texmf-dist/tex/latex/hyperref/nameref.sty
Package: nameref 2010/04/30 v2.40 Cross-referencing by name of section

(/usr/local/texlive/2012/texmf-dist/tex/generic/oberdiek/gettitlestring.sty
Package: gettitlestring 2010/12/03 v1.4 Cleanup title references (HO)
)
\c@section@level=\count166
)
LaTeX Info: Redefining \ref on input line 68.
LaTeX Info: Redefining \pageref on input line 68.
LaTeX Info: Redefining \nameref on input line 68.

(./gradientDescentWirelessNetworks.out) (./gradientDescentWirelessNetworks.out)
\@outlinefile=\write4
\openout4 = `gradientDescentWirelessNetworks.out'.

<./pictures/overall.pdf, id=71, 1264.725pt x 578.16pt>
File: ./pictures/overall.pdf Graphic file (type pdf)

<use ./pictures/overall.pdf>
Package pdftex.def Info: ./pictures/overall.pdf used on input line 115.
(pdftex.def)             Requested size: 253.04987pt x 115.67406pt.

<./pictures/txenergy.pdf, id=72, 325.215pt x 255.95625pt>
File: ./pictures/txenergy.pdf Graphic file (type pdf)

<use ./pictures/txenergy.pdf>
Package pdftex.def Info: ./pictures/txenergy.pdf used on input line 120.
(pdftex.def)             Requested size: 253.04987pt x 199.16467pt.
 [1
Non-PDF special ignored!{/usr/local/texlive/2012/texmf-var/fonts/map/pdftex/upd
map/pdftex.map}


]
LaTeX Font Info:    Try loading font information for U+rsfs on input line 139.

(/usr/local/texlive/2012/texmf-dist/tex/latex/jknapltx/ursfs.fd
File: ursfs.fd 1998/03/24 rsfs font definition file (jk)
)
LaTeX Font Info:    Try loading font information for U+msa on input line 139.

(/usr/local/texlive/2012/texmf-dist/tex/latex/amsfonts/umsa.fd
File: umsa.fd 2009/06/22 v3.00 AMS symbols A
)
LaTeX Font Info:    Try loading font information for U+msb on input line 139.

(/usr/local/texlive/2012/texmf-dist/tex/latex/amsfonts/umsb.fd
File: umsb.fd 2009/06/22 v3.00 AMS symbols B
)

LaTeX Font Warning: Font shape `U/bbold/m/n' in size <5> not available
(Font)              size <6> substituted on input line 139.

<<<<<<< HEAD
<./pictures/tspCities.pdf, id=122, 517.34392pt x 394.07605pt>
=======
<./pictures/Task3Experiment.pdf, id=123, 722.7pt x 542.025pt>
File: ./pictures/Task3Experiment.pdf Graphic file (type pdf)

<use ./pictures/Task3Experiment.pdf>
Package pdftex.def Info: ./pictures/Task3Experiment.pdf used on input line 157.

(pdftex.def)             Requested size: 253.04987pt x 189.78603pt.

<./pictures/tspCities.pdf, id=124, 517.34392pt x 394.07605pt>
>>>>>>> origin/master
File: ./pictures/tspCities.pdf Graphic file (type pdf)

<use ./pictures/tspCities.pdf>
Package pdftex.def Info: ./pictures/tspCities.pdf used on input line 158.
(pdftex.def)             Requested size: 113.87166pt x 86.73909pt.

<<<<<<< HEAD
<./pictures/tspPaths.pdf, id=123, 517.53783pt x 394.41402pt>
=======
<./pictures/tspPaths.pdf, id=125, 517.53783pt x 394.41402pt>
>>>>>>> origin/master
File: ./pictures/tspPaths.pdf Graphic file (type pdf)

<use ./pictures/tspPaths.pdf>
Package pdftex.def Info: ./pictures/tspPaths.pdf used on input line 160.
(pdftex.def)             Requested size: 113.87166pt x 86.77736pt.
<<<<<<< HEAD
 [2 <C:/Users/Srikanth/Documents/GitHub/WSNrobot/texasWirelessConf/pictures/ove
rall.pdf> <C:/Users/Srikanth/Documents/GitHub/WSNrobot/texasWirelessConf/pictur
es/txenergy.pdf> <C:/Users/Srikanth/Documents/GitHub/WSNrobot/texasWirelessConf
/pictures/tspCities.pdf> <C:/Users/Srikanth/Documents/GitHub/WSNrobot/texasWire
lessConf/pictures/tspPaths.pdf>]
<./pictures/loadDensity.pdf, id=404, 1120.185pt x 1098.1025pt>
File: ./pictures/loadDensity.pdf Graphic file (type pdf)

<use ./pictures/loadDensity.pdf>
Package pdftex.def Info: ./pictures/loadDensity.pdf used on input line 195.
(pdftex.def)             Requested size: 253.04987pt x 248.05098pt.

<./pictures/dynamicVsStatic.pdf, id=411, 1445.4pt x 538.01pt>
File: ./pictures/dynamicVsStatic.pdf Graphic file (type pdf)

<use ./pictures/dynamicVsStatic.pdf>
Package pdftex.def Info: ./pictures/dynamicVsStatic.pdf used on input line 220.

(pdftex.def)             Requested size: 253.04987pt x 94.18599pt.


LaTeX Warning: Reference `subfig:Task3Experiment' on page 3 undefined on input 
line 249.


Underfull \vbox (badness 1077) has occurred while \output is active []

 [3 <C:/Users/Srikanth/Documents/GitHub/WSNrobot/texasWirelessConf/pictures/loa
dDensity.pdf> <C:/Users/Srikanth/Documents/GitHub/WSNrobot/texasWirelessConf/pi
ctures/dynamicVsStatic.pdf>]
Package hyperref Info: bookmark level for unknown algorithm defaults to 0 on in
put line 287.
Missing character: There is no Õ in font ptmr7t!
 <./pictures/1_1.pdf, id=3004, 433.62pt x 433.62pt>
File: ./pictures/1_1.pdf Graphic file (type pdf)

<use ./pictures/1_1.pdf>
Package pdftex.def Info: ./pictures/1_1.pdf used on input line 310.
(pdftex.def)             Requested size: 101.2184pt x 101.21259pt.
 <./pictures/1_2.pdf, id=3005, 433.62pt x 433.62pt>
File: ./pictures/1_2.pdf Graphic file (type pdf)

<use ./pictures/1_2.pdf>
Package pdftex.def Info: ./pictures/1_2.pdf used on input line 312.
(pdftex.def)             Requested size: 101.2184pt x 101.21259pt.
 <./pictures/1_3.pdf, id=3006, 433.62pt x 433.62pt>
File: ./pictures/1_3.pdf Graphic file (type pdf)

<use ./pictures/1_3.pdf>
Package pdftex.def Info: ./pictures/1_3.pdf used on input line 314.
(pdftex.def)             Requested size: 101.2184pt x 101.21259pt.
 <./pictures/1_4.pdf, id=3007, 433.62pt x 433.62pt>
File: ./pictures/1_4.pdf Graphic file (type pdf)

<use ./pictures/1_4.pdf>
Package pdftex.def Info: ./pictures/1_4.pdf used on input line 316.
(pdftex.def)             Requested size: 101.2184pt x 101.21259pt.
 <./pictures/1_5.pdf, id=3008, 433.62pt x 433.62pt>
File: ./pictures/1_5.pdf Graphic file (type pdf)

<use ./pictures/1_5.pdf>
Package pdftex.def Info: ./pictures/1_5.pdf used on input line 318.
(pdftex.def)             Requested size: 101.2184pt x 101.21259pt.
 <./pictures/2_1.pdf, id=3011, 433.62pt x 433.62pt>
File: ./pictures/2_1.pdf Graphic file (type pdf)

<use ./pictures/2_1.pdf>
Package pdftex.def Info: ./pictures/2_1.pdf used on input line 327.
(pdftex.def)             Requested size: 101.2184pt x 101.21259pt.
 <./pictures/2_2.pdf, id=3012, 433.62pt x 433.62pt>
File: ./pictures/2_2.pdf Graphic file (type pdf)

<use ./pictures/2_2.pdf>
Package pdftex.def Info: ./pictures/2_2.pdf used on input line 329.
(pdftex.def)             Requested size: 101.2184pt x 101.21259pt.
 <./pictures/2_3.pdf, id=3013, 433.62pt x 433.62pt>
File: ./pictures/2_3.pdf Graphic file (type pdf)

<use ./pictures/2_3.pdf>
Package pdftex.def Info: ./pictures/2_3.pdf used on input line 331.
(pdftex.def)             Requested size: 101.2184pt x 101.21259pt.
 <./pictures/2_4.pdf, id=3014, 433.62pt x 433.62pt>
File: ./pictures/2_4.pdf Graphic file (type pdf)

<use ./pictures/2_4.pdf>
Package pdftex.def Info: ./pictures/2_4.pdf used on input line 333.
(pdftex.def)             Requested size: 101.2184pt x 101.21259pt.
 <./pictures/2_5.pdf, id=3015, 433.62pt x 433.62pt>
File: ./pictures/2_5.pdf Graphic file (type pdf)

<use ./pictures/2_5.pdf>
Package pdftex.def Info: ./pictures/2_5.pdf used on input line 335.
(pdftex.def)             Requested size: 101.2184pt x 101.21259pt.
 <./pictures/1_6.pdf, id=3020, 433.62pt x 433.62pt>
File: ./pictures/1_6.pdf Graphic file (type pdf)

<use ./pictures/1_6.pdf>
Package pdftex.def Info: ./pictures/1_6.pdf used on input line 347.
(pdftex.def)             Requested size: 113.87166pt x 113.86995pt.
 <./pictures/2_7.pdf, id=3021, 433.62pt x 433.62pt>
File: ./pictures/2_7.pdf Graphic file (type pdf)
=======

Underfull \vbox (badness 2050) has occurred while \output is active []

 [2 <./pictures/overall.pdf> <./pictures/txenergy.pdf>]
<./pictures/loadDensity.pdf, id=691, 1120.185pt x 1098.1025pt>
File: ./pictures/loadDensity.pdf Graphic file (type pdf)

<use ./pictures/loadDensity.pdf>
Package pdftex.def Info: ./pictures/loadDensity.pdf used on input line 201.
(pdftex.def)             Requested size: 253.04987pt x 248.05098pt.

<./pictures/dynamicVsStatic.pdf, id=698, 1445.4pt x 538.01pt>
File: ./pictures/dynamicVsStatic.pdf Graphic file (type pdf)

<use ./pictures/dynamicVsStatic.pdf>
Package pdftex.def Info: ./pictures/dynamicVsStatic.pdf used on input line 226.

(pdftex.def)             Requested size: 253.04987pt x 94.18599pt.

Underfull \vbox (badness 4505) has occurred while \output is active []

 [3 <./pictures/Task3Experiment.pdf> <./pictures/tspCities.pdf> <./pictures/tsp
Paths.pdf> <./pictures/loadDensity.pdf> <./pictures/dynamicVsStatic.pdf>]
Package hyperref Info: bookmark level for unknown algorithm defaults to 0 on in
put line 287.
Missing character: There is no Õ in font ptmr7t!

<./pictures/1_1.pdf, id=3397, 433.62pt x 433.62pt>
File: ./pictures/1_1.pdf Graphic file (type pdf)
 <use ./pictures/1_1.pdf>
Package pdftex.def Info: ./pictures/1_1.pdf used on input line 311.
(pdftex.def)             Requested size: 123.99582pt x 123.9932pt.

<./pictures/1_2.pdf, id=3398, 433.62pt x 433.62pt>
File: ./pictures/1_2.pdf Graphic file (type pdf)
 <use ./pictures/1_2.pdf>
Package pdftex.def Info: ./pictures/1_2.pdf used on input line 312.
(pdftex.def)             Requested size: 123.99582pt x 123.9932pt.

<./pictures/1_3.pdf, id=3399, 433.62pt x 433.62pt>
File: ./pictures/1_3.pdf Graphic file (type pdf)
 <use ./pictures/1_3.pdf>
Package pdftex.def Info: ./pictures/1_3.pdf used on input line 313.
(pdftex.def)             Requested size: 123.99582pt x 123.9932pt.

<./pictures/1_4.pdf, id=3400, 433.62pt x 433.62pt>
File: ./pictures/1_4.pdf Graphic file (type pdf)
 <use ./pictures/1_4.pdf>
Package pdftex.def Info: ./pictures/1_4.pdf used on input line 314.
(pdftex.def)             Requested size: 123.99582pt x 123.9932pt.

<./pictures/1_5.pdf, id=3401, 433.62pt x 433.62pt>
File: ./pictures/1_5.pdf Graphic file (type pdf)
 <use ./pictures/1_5.pdf>
Package pdftex.def Info: ./pictures/1_5.pdf used on input line 315.
(pdftex.def)             Requested size: 123.99582pt x 123.9932pt.

<./pictures/1_6.pdf, id=3402, 433.62pt x 433.62pt>
File: ./pictures/1_6.pdf Graphic file (type pdf)
 <use ./pictures/1_6.pdf>
Package pdftex.def Info: ./pictures/1_6.pdf used on input line 316.
(pdftex.def)             Requested size: 123.99582pt x 123.9932pt.

Underfull \hbox (badness 2229) in paragraph at lines 318--318
\OT1/ptm/m/n/9 Space Fill-ing Curve.2.)Iteration 100- Al-go-rithm with Gra-di-e
nt
 []


Underfull \hbox (badness 1748) in paragraph at lines 339--339
\OT1/ptm/m/n/9 the mTSP was plot-ted with two UVs. 1.)It-er-a-tion 0-Hilbert's
 []
>>>>>>> origin/master

<use ./pictures/2_7.pdf>
Package pdftex.def Info: ./pictures/2_7.pdf used on input line 349.
(pdftex.def)             Requested size: 113.87166pt x 113.86995pt.
 [4]

<<<<<<< HEAD
LaTeX Warning: Reference `fig:QuadcopterTestbed' on page 5 undefined on input l
ine 359.


Underfull \vbox (badness 10000) has occurred while \output is active []


(C:\Users\Srikanth\Documents\GitHub\WSNrobot\texasWirelessConf\gradientDescentW
irelessNetworks.bbl [5 <C:/Users/Srikanth/Documents/GitHub/WSNrobot/texasWirele
ssConf/pictures/1_1.pdf> <C:/Users/Srikanth/Documents/GitHub/WSNrobot/texasWire
lessConf/pictures/1_2.pdf> <C:/Users/Srikanth/Documents/GitHub/WSNrobot/texasWi
relessConf/pictures/1_3.pdf> <C:/Users/Srikanth/Documents/GitHub/WSNrobot/texas
WirelessConf/pictures/1_4.pdf> <C:/Users/Srikanth/Documents/GitHub/WSNrobot/tex
asWirelessConf/pictures/1_5.pdf> <C:/Users/Srikanth/Documents/GitHub/WSNrobot/t
exasWirelessConf/pictures/2_1.pdf> <C:/Users/Srikanth/Documents/GitHub/WSNrobot
/texasWirelessConf/pictures/2_2.pdf> <C:/Users/Srikanth/Documents/GitHub/WSNrob
ot/texasWirelessConf/pictures/2_3.pdf> <C:/Users/Srikanth/Documents/GitHub/WSNr
obot/texasWirelessConf/pictures/2_4.pdf> <C:/Users/Srikanth/Documents/GitHub/WS
Nrobot/texasWirelessConf/pictures/2_5.pdf> <C:/Users/Srikanth/Documents/GitHub/
WSNrobot/texasWirelessConf/pictures/1_6.pdf> <C:/Users/Srikanth/Documents/GitHu
b/WSNrobot/texasWirelessConf/pictures/2_7.pdf>]
=======
Underfull \hbox (badness 2229) in paragraph at lines 339--339
\OT1/ptm/m/n/9 Space Fill-ing Curve.2.)Iteration 100- Al-go-rithm with Gra-di-e
nt
 []


LaTeX Warning: Reference `fig:QuadcopterTestbed' on page 4 undefined on input l
ine 344.

[4] (./gradientDescentWirelessNetworks.bbl [5 <./pictures/1_1.pdf> <./pictures/
1_2.pdf> <./pictures/1_3.pdf> <./pictures/1_4.pdf> <./pictures/1_5.pdf> <./pict
ures/1_6.pdf>]
>>>>>>> origin/master
Underfull \hbox (badness 2913) in paragraph at lines 162--165
[]\OT1/ptm/m/n/8 Andr Kurs, Aris-tei-dis Kar-alis, and Robert Mof-fatt.  Wire-l
ess
 []

)

** Conference Paper **
Before submitting the final camera ready copy, remember to:

 1. Manually equalize the lengths of two columns on the last page
 of your paper;

 2. Ensure that any PostScript and/or PDF output post-processing
 uses only Type 1 fonts and that every step in the generation
 process uses the appropriate paper size.

<<<<<<< HEAD
Package atveryend Info: Empty hook `BeforeClearDocument' on input line 373.
[6]
Package atveryend Info: Empty hook `AfterLastShipout' on input line 373.

(C:\Users\Srikanth\Documents\GitHub\WSNrobot\texasWirelessConf\gradientDescentW
irelessNetworks.aux)
Package atveryend Info: Executing hook `AtVeryEndDocument' on input line 373.
Package atveryend Info: Executing hook `AtEndAfterFileList' on input line 373.
Package rerunfilecheck Info: File `gradientDescentWirelessNetworks.out' has not
 changed.
(rerunfilecheck)             Checksum: 33DF56581F10C228D080F35EAFADBA80;825.
=======
Package atveryend Info: Empty hook `BeforeClearDocument' on input line 363.
[6]
Package atveryend Info: Empty hook `AfterLastShipout' on input line 363.
 (./gradientDescentWirelessNetworks.aux)
Package atveryend Info: Executing hook `AtVeryEndDocument' on input line 363.
Package atveryend Info: Executing hook `AtEndAfterFileList' on input line 363.
Package rerunfilecheck Info: File `gradientDescentWirelessNetworks.out' has not
 changed.
(rerunfilecheck)             Checksum: EB954974AB93E3CA53D341C73186119C;823.
>>>>>>> origin/master


LaTeX Font Warning: Size substitutions with differences
(Font)              up to 1.0pt have occurred.


LaTeX Warning: There were undefined references.

<<<<<<< HEAD

LaTeX Warning: There were multiply-defined labels.

Package atveryend Info: Empty hook `AtVeryVeryEnd' on input line 373.
 ) 
Here is how much of TeX's memory you used:
 11155 strings out of 493921
 168407 string characters out of 3144867
 281280 words of memory out of 3000000
 14125 multiletter control sequences out of 15000+200000
 48438 words of font info for 110 fonts, out of 3000000 for 9000
 844 hyphenation exceptions out of 8191
 41i,13n,43p,3588b,470s stack positions out of 5000i,500n,10000p,200000b,50000s
{C:/Program Files (x86)/MiKTeX 2.9/fonts/enc/dvips/fontname/8r.enc}<C:/Progra
m Files (x86)/MiKTeX 2.9/fonts/type1/public/amsfonts/cm/cmbx10.pfb><C:/Program 
Files (x86)/MiKTeX 2.9/fonts/type1/public/amsfonts/cm/cmbx7.pfb><C:/Program Fil
es (x86)/MiKTeX 2.9/fonts/type1/public/amsfonts/cm/cmex10.pfb><C:/Program Files
 (x86)/MiKTeX 2.9/fonts/type1/public/amsfonts/cm/cmmi10.pfb><C:/Program Files (
x86)/MiKTeX 2.9/fonts/type1/public/amsfonts/cm/cmmi5.pfb><C:/Program Files (x86
)/MiKTeX 2.9/fonts/type1/public/amsfonts/cm/cmmi6.pfb><C:/Program Files (x86)/M
iKTeX 2.9/fonts/type1/public/amsfonts/cm/cmmi7.pfb><C:/Program Files (x86)/MiKT
eX 2.9/fonts/type1/public/amsfonts/cm/cmmi8.pfb><C:/Program Files (x86)/MiKTeX 
2.9/fonts/type1/public/amsfonts/cm/cmmib10.pfb><C:/Program Files (x86)/MiKTeX 2
.9/fonts/type1/public/amsfonts/cm/cmr10.pfb><C:/Program Files (x86)/MiKTeX 2.9/
fonts/type1/public/amsfonts/cm/cmr5.pfb><C:/Program Files (x86)/MiKTeX 2.9/font
s/type1/public/amsfonts/cm/cmr7.pfb><C:/Program Files (x86)/MiKTeX 2.9/fonts/ty
pe1/public/amsfonts/cm/cmsy10.pfb><C:/Program Files (x86)/MiKTeX 2.9/fonts/type
1/public/amsfonts/cm/cmsy7.pfb><C:/Program Files (x86)/MiKTeX 2.9/fonts/type1/p
ublic/amsfonts/cm/cmsy8.pfb><C:/Program Files (x86)/MiKTeX 2.9/fonts/type1/urw/
times/utmb8a.pfb><C:/Program Files (x86)/MiKTeX 2.9/fonts/type1/urw/times/utmbi
8a.pfb><C:/Program Files (x86)/MiKTeX 2.9/fonts/type1/urw/times/utmr8a.pfb><C:/
Program Files (x86)/MiKTeX 2.9/fonts/type1/urw/times/utmri8a.pfb>
Output written on gradientDescentWirelessNetworks.pdf (6 pages, 3330408 bytes).

PDF statistics:
 3182 PDF objects out of 3580 (max. 8388607)
 79 named destinations out of 1000 (max. 500000)
 195 words of extra memory for PDF output out of 10000 (max. 10000000)
=======
Package atveryend Info: Empty hook `AtVeryVeryEnd' on input line 363.
 ) 
Here is how much of TeX's memory you used:
 11058 strings out of 493488
 166010 string characters out of 3141326
 287737 words of memory out of 3000000
 14047 multiletter control sequences out of 15000+200000
 48408 words of font info for 110 fonts, out of 3000000 for 9000
 960 hyphenation exceptions out of 8191
 41i,13n,43p,3587b,462s stack positions out of 5000i,500n,10000p,200000b,50000s
{/usr/local/texlive/2012/texmf-dist/fonts/enc/dvips/base/8r.enc}</usr/local/t
exlive/2012/texmf-dist/fonts/type1/public/amsfonts/cm/cmbx10.pfb></usr/local/te
xlive/2012/texmf-dist/fonts/type1/public/amsfonts/cm/cmex10.pfb></usr/local/tex
live/2012/texmf-dist/fonts/type1/public/amsfonts/cm/cmmi10.pfb></usr/local/texl
ive/2012/texmf-dist/fonts/type1/public/amsfonts/cm/cmmi5.pfb></usr/local/texliv
e/2012/texmf-dist/fonts/type1/public/amsfonts/cm/cmmi6.pfb></usr/local/texlive/
2012/texmf-dist/fonts/type1/public/amsfonts/cm/cmmi7.pfb></usr/local/texlive/20
12/texmf-dist/fonts/type1/public/amsfonts/cm/cmmi9.pfb></usr/local/texlive/2012
/texmf-dist/fonts/type1/public/amsfonts/cm/cmmib10.pfb></usr/local/texlive/2012
/texmf-dist/fonts/type1/public/amsfonts/cm/cmr10.pfb></usr/local/texlive/2012/t
exmf-dist/fonts/type1/public/amsfonts/cm/cmr5.pfb></usr/local/texlive/2012/texm
f-dist/fonts/type1/public/amsfonts/cm/cmr7.pfb></usr/local/texlive/2012/texmf-d
ist/fonts/type1/public/amsfonts/cm/cmsy10.pfb></usr/local/texlive/2012/texmf-di
st/fonts/type1/public/amsfonts/cm/cmsy7.pfb></usr/local/texlive/2012/texmf-dist
/fonts/type1/public/amsfonts/cm/cmsy9.pfb></usr/local/texlive/2012/texmf-dist/f
onts/type1/urw/times/utmb8a.pfb></usr/local/texlive/2012/texmf-dist/fonts/type1
/urw/times/utmbi8a.pfb></usr/local/texlive/2012/texmf-dist/fonts/type1/urw/time
s/utmr8a.pfb></usr/local/texlive/2012/texmf-dist/fonts/type1/urw/times/utmri8a.
pfb>
Output written on gradientDescentWirelessNetworks.pdf (6 pages, 3310060 bytes).

PDF statistics:
 3538 PDF objects out of 3580 (max. 8388607)
 1929 compressed objects within 20 object streams
 77 named destinations out of 1000 (max. 500000)
 170 words of extra memory for PDF output out of 10000 (max. 10000000)
>>>>>>> origin/master

